[1017/225105.817:ERROR:process_reader_win.cc(151)] SuspendThread: Access is denied. (0x5)
[1017/225105.818:ERROR:process_reader_win.cc(151)] SuspendThread: Access is denied. (0x5)
[1017/225105.818:ERROR:process_reader_win.cc(123)] NtOpenThread: {Access Denied} A process has requested access to an object, but has not been granted those access rights. (0xc0000022)
[1017/225105.825:ERROR:exception_snapshot_win.cc(99)] thread ID 10596 not found in process
[1017/225105.845:ERROR:process_reader_win.cc(123)] NtOpenThread: {Access Denied} A process has requested access to an object, but has not been granted those access rights. (0xc0000022)
[1017/225105.845:ERROR:exception_snapshot_win.cc(99)] thread ID 11396 not found in process
[1017/230916.607:ERROR:directory_reader_win.cc(43)] FindFirstFile: The system cannot find the path specified. (0x3)
[1017/231533.980:ERROR:process_reader_win.cc(151)] SuspendThread: Access is denied. (0x5)
[1017/231533.981:ERROR:process_reader_win.cc(151)] SuspendThread: Access is denied. (0x5)
[1017/231533.984:ERROR:process_reader_win.cc(151)] SuspendThread: Access is denied. (0x5)
[1017/231533.984:ERROR:process_reader_win.cc(151)] SuspendThread: Access is denied. (0x5)
[1017/231533.984:ERROR:process_reader_win.cc(151)] SuspendThread: Access is denied. (0x5)
[1017/231533.984:ERROR:process_reader_win.cc(151)] SuspendThread: Access is denied. (0x5)
[1017/231533.985:ERROR:process_reader_win.cc(151)] SuspendThread: Access is denied. (0x5)
[1017/231533.985:ERROR:process_reader_win.cc(151)] SuspendThread: Access is denied. (0x5)
[1017/231533.986:ERROR:process_reader_win.cc(151)] SuspendThread: Access is denied. (0x5)
[1017/231533.986:ERROR:process_reader_win.cc(151)] SuspendThread: Access is denied. (0x5)
[1017/231533.986:ERROR:process_reader_win.cc(151)] SuspendThread: Access is denied. (0x5)
[1017/231533.986:ERROR:process_reader_win.cc(151)] SuspendThread: Access is denied. (0x5)
[1017/231533.986:ERROR:process_reader_win.cc(151)] SuspendThread: Access is denied. (0x5)
[1017/231533.986:ERROR:process_reader_win.cc(151)] SuspendThread: Access is denied. (0x5)
[1017/231533.986:ERROR:process_reader_win.cc(151)] SuspendThread: Access is denied. (0x5)
[1017/231533.986:ERROR:process_reader_win.cc(151)] SuspendThread: Access is denied. (0x5)
[1017/231533.986:ERROR:process_reader_win.cc(151)] SuspendThread: Access is denied. (0x5)
[1017/231533.986:ERROR:process_reader_win.cc(151)] SuspendThread: Access is denied. (0x5)
[1017/231533.988:ERROR:process_reader_win.cc(151)] SuspendThread: Access is denied. (0x5)
[1017/231533.988:ERROR:process_reader_win.cc(151)] SuspendThread: Access is denied. (0x5)
[1017/231533.996:ERROR:process_reader_win.cc(151)] SuspendThread: Access is denied. (0x5)
[1017/231533.996:ERROR:process_reader_win.cc(151)] SuspendThread: Access is denied. (0x5)
[1017/231533.996:ERROR:process_reader_win.cc(151)] SuspendThread: Access is denied. (0x5)
[1017/231533.997:ERROR:process_reader_win.cc(151)] SuspendThread: Access is denied. (0x5)
[1017/231533.997:ERROR:process_reader_win.cc(151)] SuspendThread: Access is denied. (0x5)
[1017/231533.997:ERROR:process_reader_win.cc(151)] SuspendThread: Access is denied. (0x5)
[1017/231533.997:ERROR:process_reader_win.cc(151)] SuspendThread: Access is denied. (0x5)
[1017/231533.997:ERROR:process_reader_win.cc(151)] SuspendThread: Access is denied. (0x5)
[1017/231533.986:ERROR:process_reader_win.cc(123)] NtOpenThread: {Access Denied} A process has requested access to an object, but has not been granted those access rights. (0xc0000022)
[1017/231533.997:ERROR:process_reader_win.cc(123)] NtOpenThread: {Access Denied} A process has requested access to an object, but has not been granted those access rights. (0xc0000022)
[1017/231533.997:ERROR:process_reader_win.cc(123)] NtOpenThread: {Access Denied} A process has requested access to an object, but has not been granted those access rights. (0xc0000022)
[1017/231533.999:ERROR:exception_snapshot_win.cc(99)] thread ID 4328 not found in process
[1017/231533.999:ERROR:exception_snapshot_win.cc(99)] thread ID 5548 not found in process
[1017/231534.000:ERROR:exception_snapshot_win.cc(99)] thread ID 10256 not found in process
[1017/231533.996:ERROR:process_reader_win.cc(123)] NtOpenThread: {Access Denied} A process has requested access to an object, but has not been granted those access rights. (0xc0000022)
[1017/231534.001:ERROR:exception_snapshot_win.cc(99)] thread ID 7744 not found in process
[1017/231533.988:ERROR:process_reader_win.cc(123)] NtOpenThread: {Access Denied} A process has requested access to an object, but has not been granted those access rights. (0xc0000022)
[1017/231534.001:ERROR:exception_snapshot_win.cc(99)] thread ID 2916 not found in process
[1017/231533.986:ERROR:process_reader_win.cc(123)] NtOpenThread: {Access Denied} A process has requested access to an object, but has not been granted those access rights. (0xc0000022)
[1017/231534.001:ERROR:exception_snapshot_win.cc(99)] thread ID 8476 not found in process
[1017/231533.984:ERROR:process_reader_win.cc(123)] NtOpenThread: {Access Denied} A process has requested access to an object, but has not been granted those access rights. (0xc0000022)
[1017/231534.002:ERROR:exception_snapshot_win.cc(99)] thread ID 9652 not found in process
[1017/231533.981:ERROR:process_reader_win.cc(123)] NtOpenThread: {Access Denied} A process has requested access to an object, but has not been granted those access rights. (0xc0000022)
[1017/231534.002:ERROR:exception_snapshot_win.cc(99)] thread ID 8656 not found in process
[1017/231534.003:ERROR:process_reader_win.cc(151)] SuspendThread: Access is denied. (0x5)
[1017/231534.003:ERROR:process_reader_win.cc(151)] SuspendThread: Access is denied. (0x5)
[1017/231534.003:ERROR:process_reader_win.cc(151)] SuspendThread: Access is denied. (0x5)
[1017/231534.003:ERROR:process_reader_win.cc(151)] SuspendThread: Access is denied. (0x5)
[1017/231534.003:ERROR:process_reader_win.cc(123)] NtOpenThread: {Access Denied} A process has requested access to an object, but has not been granted those access rights. (0xc0000022)
[1017/231534.003:ERROR:exception_snapshot_win.cc(99)] thread ID 6188 not found in process
[1017/231534.013:ERROR:process_reader_win.cc(151)] SuspendThread: Access is denied. (0x5)
[1017/231534.013:ERROR:process_reader_win.cc(123)] NtOpenThread: {Access Denied} A process has requested access to an object, but has not been granted those access rights. (0xc0000022)
[1017/231534.013:ERROR:exception_snapshot_win.cc(99)] thread ID 13788 not found in process
[1017/231635.614:ERROR:process_reader_win.cc(151)] SuspendThread: Access is denied. (0x5)
[1017/231635.614:ERROR:process_reader_win.cc(151)] SuspendThread: Access is denied. (0x5)
[1017/231635.614:ERROR:process_reader_win.cc(123)] NtOpenThread: {Access Denied} A process has requested access to an object, but has not been granted those access rights. (0xc0000022)
[1017/231635.615:ERROR:exception_snapshot_win.cc(99)] thread ID 11624 not found in process
[1017/231635.624:ERROR:process_reader_win.cc(151)] SuspendThread: Access is denied. (0x5)
[1017/231635.624:ERROR:process_reader_win.cc(123)] NtOpenThread: {Access Denied} A process has requested access to an object, but has not been granted those access rights. (0xc0000022)
[1017/231635.624:ERROR:exception_snapshot_win.cc(99)] thread ID 3728 not found in process
[1017/231635.630:ERROR:process_reader_win.cc(123)] NtOpenThread: {Access Denied} A process has requested access to an object, but has not been granted those access rights. (0xc0000022)
[1017/231635.631:ERROR:exception_snapshot_win.cc(99)] thread ID 7144 not found in process
[1017/231738.121:ERROR:process_reader_win.cc(123)] NtOpenThread: {Access Denied} A process has requested access to an object, but has not been granted those access rights. (0xc0000022)
[1017/231738.125:ERROR:exception_snapshot_win.cc(99)] thread ID 11224 not found in process
[1017/231738.126:ERROR:process_reader_win.cc(123)] NtOpenThread: {Access Denied} A process has requested access to an object, but has not been granted those access rights. (0xc0000022)
[1017/231738.126:ERROR:exception_snapshot_win.cc(99)] thread ID 10752 not found in process
[1017/231738.142:ERROR:process_reader_win.cc(123)] NtOpenThread: {Access Denied} A process has requested access to an object, but has not been granted those access rights. (0xc0000022)
[1017/231738.142:ERROR:exception_snapshot_win.cc(99)] thread ID 8216 not found in process
[1017/233607.666:ERROR:directory_reader_win.cc(43)] FindFirstFile: The system cannot find the path specified. (0x3)
[1017/233641.452:ERROR:directory_reader_win.cc(43)] FindFirstFile: The system cannot find the path specified. (0x3)
[1017/234043.941:ERROR:process_reader_win.cc(151)] SuspendThread: Access is denied. (0x5)
[1017/234043.941:ERROR:process_reader_win.cc(151)] SuspendThread: Access is denied. (0x5)
[1017/234043.942:ERROR:process_reader_win.cc(151)] SuspendThread: Access is denied. (0x5)
[1017/234043.942:ERROR:process_reader_win.cc(151)] SuspendThread: Access is denied. (0x5)
[1017/234043.942:ERROR:process_reader_win.cc(151)] SuspendThread: Access is denied. (0x5)
[1017/234043.942:ERROR:process_reader_win.cc(151)] SuspendThread: Access is denied. (0x5)
[1017/234043.942:ERROR:process_reader_win.cc(151)] SuspendThread: Access is denied. (0x5)
[1017/234043.942:ERROR:process_reader_win.cc(123)] NtOpenThread: {Access Denied} A process has requested access to an object, but has not been granted those access rights. (0xc0000022)
[1017/234043.942:ERROR:process_reader_win.cc(123)] NtOpenThread: {Access Denied} A process has requested access to an object, but has not been granted those access rights. (0xc0000022)
[1017/234043.943:ERROR:exception_snapshot_win.cc(99)] thread ID 856 not found in process
[1017/234043.943:ERROR:exception_snapshot_win.cc(99)] thread ID 8444 not found in process
[1017/234043.945:ERROR:process_reader_win.cc(151)] SuspendThread: Access is denied. (0x5)
[1017/234043.945:ERROR:process_reader_win.cc(123)] NtOpenThread: {Access Denied} A process has requested access to an object, but has not been granted those access rights. (0xc0000022)
[1017/234043.945:ERROR:exception_snapshot_win.cc(99)] thread ID 6436 not found in process
[1017/234043.950:ERROR:process_reader_win.cc(151)] SuspendThread: Access is denied. (0x5)
[1017/234043.950:ERROR:process_reader_win.cc(151)] SuspendThread: Access is denied. (0x5)
[1017/234043.950:ERROR:process_reader_win.cc(151)] SuspendThread: Access is denied. (0x5)
[1017/234043.950:ERROR:process_reader_win.cc(123)] NtOpenThread: {Access Denied} A process has requested access to an object, but has not been granted those access rights. (0xc0000022)
[1017/234043.950:ERROR:exception_snapshot_win.cc(99)] thread ID 9436 not found in process
[1017/235216.918:ERROR:directory_reader_win.cc(43)] FindFirstFile: The system cannot find the path specified. (0x3)
[1018/001346.939:ERROR:directory_reader_win.cc(43)] FindFirstFile: The system cannot find the path specified. (0x3)
[1018/001425.720:ERROR:directory_reader_win.cc(43)] FindFirstFile: The system cannot find the path specified. (0x3)
[1018/003127.785:ERROR:directory_reader_win.cc(43)] FindFirstFile: The system cannot find the path specified. (0x3)
[1018/003148.651:ERROR:directory_reader_win.cc(43)] FindFirstFile: The system cannot find the path specified. (0x3)
[1018/003432.033:ERROR:directory_reader_win.cc(43)] FindFirstFile: The system cannot find the path specified. (0x3)
[1018/003459.720:ERROR:process_reader_win.cc(123)] NtOpenThread: {Access Denied} A process has requested access to an object, but has not been granted those access rights. (0xc0000022)
[1018/003459.721:ERROR:exception_snapshot_win.cc(99)] thread ID 6688 not found in process
[1018/003459.767:ERROR:process_reader_win.cc(123)] NtOpenThread: {Access Denied} A process has requested access to an object, but has not been granted those access rights. (0xc0000022)
[1018/003459.767:ERROR:exception_snapshot_win.cc(99)] thread ID 8340 not found in process
[1018/003459.820:ERROR:process_reader_win.cc(123)] NtOpenThread: {Access Denied} A process has requested access to an object, but has not been granted those access rights. (0xc0000022)
[1018/003459.821:ERROR:exception_snapshot_win.cc(99)] thread ID 10172 not found in process
[1018/003459.867:ERROR:process_reader_win.cc(123)] NtOpenThread: {Access Denied} A process has requested access to an object, but has not been granted those access rights. (0xc0000022)
[1018/003459.867:ERROR:exception_snapshot_win.cc(99)] thread ID 9388 not found in process
[1018/090947.061:ERROR:process_reader_win.cc(151)] SuspendThread: Access is denied. (0x5)
[1018/090947.064:ERROR:process_reader_win.cc(151)] SuspendThread: Access is denied. (0x5)
[1018/090947.064:ERROR:process_reader_win.cc(151)] SuspendThread: Access is denied. (0x5)
[1018/090947.064:ERROR:process_reader_win.cc(151)] SuspendThread: Access is denied. (0x5)
[1018/090947.064:ERROR:process_reader_win.cc(151)] SuspendThread: Access is denied. (0x5)
[1018/090947.064:ERROR:process_reader_win.cc(151)] SuspendThread: Access is denied. (0x5)
[1018/090947.064:ERROR:process_reader_win.cc(151)] SuspendThread: Access is denied. (0x5)
[1018/090947.064:ERROR:process_reader_win.cc(151)] SuspendThread: Access is denied. (0x5)
[1018/090947.064:ERROR:process_reader_win.cc(151)] SuspendThread: Access is denied. (0x5)
[1018/090947.064:ERROR:process_reader_win.cc(151)] SuspendThread: Access is denied. (0x5)
[1018/090947.064:ERROR:process_reader_win.cc(151)] SuspendThread: Access is denied. (0x5)
[1018/090947.064:ERROR:process_reader_win.cc(151)] SuspendThread: Access is denied. (0x5)
[1018/090947.064:ERROR:process_reader_win.cc(151)] SuspendThread: Access is denied. (0x5)
[1018/090947.064:ERROR:process_reader_win.cc(151)] SuspendThread: Access is denied. (0x5)
[1018/090947.064:ERROR:process_reader_win.cc(151)] SuspendThread: Access is denied. (0x5)
[1018/090947.064:ERROR:process_reader_win.cc(151)] SuspendThread: Access is denied. (0x5)
[1018/090947.064:ERROR:process_reader_win.cc(151)] SuspendThread: Access is denied. (0x5)
[1018/090947.064:ERROR:process_reader_win.cc(151)] SuspendThread: Access is denied. (0x5)
[1018/090947.064:ERROR:process_reader_win.cc(151)] SuspendThread: Access is denied. (0x5)
[1018/090947.064:ERROR:process_reader_win.cc(151)] SuspendThread: Access is denied. (0x5)
[1018/090947.064:ERROR:process_reader_win.cc(151)] SuspendThread: Access is denied. (0x5)
[1018/090947.064:ERROR:process_reader_win.cc(151)] SuspendThread: Access is denied. (0x5)
[1018/090947.064:ERROR:process_reader_win.cc(151)] SuspendThread: Access is denied. (0x5)
[1018/090947.064:ERROR:process_reader_win.cc(151)] SuspendThread: Access is denied. (0x5)
[1018/090947.064:ERROR:process_reader_win.cc(151)] SuspendThread: Access is denied. (0x5)
[1018/090947.064:ERROR:process_reader_win.cc(151)] SuspendThread: Access is denied. (0x5)
[1018/090947.090:ERROR:process_reader_win.cc(151)] SuspendThread: Access is denied. (0x5)
[1018/090947.094:ERROR:process_reader_win.cc(151)] SuspendThread: Access is denied. (0x5)
[1018/090947.094:ERROR:process_reader_win.cc(151)] SuspendThread: Access is denied. (0x5)
[1018/090947.094:ERROR:process_reader_win.cc(151)] SuspendThread: Access is denied. (0x5)
[1018/090947.094:ERROR:process_reader_win.cc(151)] SuspendThread: Access is denied. (0x5)
[1018/090947.095:ERROR:process_reader_win.cc(151)] SuspendThread: Access is denied. (0x5)
[1018/090947.095:ERROR:process_reader_win.cc(151)] SuspendThread: Access is denied. (0x5)
[1018/090947.095:ERROR:process_reader_win.cc(151)] SuspendThread: Access is denied. (0x5)
[1018/090947.095:ERROR:process_reader_win.cc(151)] SuspendThread: Access is denied. (0x5)
[1018/090947.095:ERROR:process_reader_win.cc(151)] SuspendThread: Access is denied. (0x5)
[1018/090947.095:ERROR:process_reader_win.cc(151)] SuspendThread: Access is denied. (0x5)
[1018/090947.095:ERROR:process_reader_win.cc(151)] SuspendThread: Access is denied. (0x5)
[1018/090947.095:ERROR:process_reader_win.cc(151)] SuspendThread: Access is denied. (0x5)
[1018/090947.095:ERROR:process_reader_win.cc(151)] SuspendThread: Access is denied. (0x5)
[1018/090947.095:ERROR:process_reader_win.cc(151)] SuspendThread: Access is denied. (0x5)
[1018/090947.127:ERROR:process_reader_win.cc(151)] SuspendThread: Access is denied. (0x5)
[1018/090947.128:ERROR:process_reader_win.cc(151)] SuspendThread: Access is denied. (0x5)
[1018/090947.129:ERROR:process_reader_win.cc(151)] SuspendThread: Access is denied. (0x5)
[1018/090947.131:ERROR:process_reader_win.cc(151)] SuspendThread: Access is denied. (0x5)
[1018/090947.131:ERROR:process_reader_win.cc(151)] SuspendThread: Access is denied. (0x5)
[1018/090947.131:ERROR:process_reader_win.cc(151)] SuspendThread: Access is denied. (0x5)
[1018/090947.131:ERROR:process_reader_win.cc(151)] SuspendThread: Access is denied. (0x5)
[1018/090947.131:ERROR:process_reader_win.cc(151)] SuspendThread: Access is denied. (0x5)
[1018/090947.131:ERROR:process_reader_win.cc(151)] SuspendThread: Access is denied. (0x5)
[1018/090947.131:ERROR:process_reader_win.cc(151)] SuspendThread: Access is denied. (0x5)
[1018/090947.131:ERROR:process_reader_win.cc(151)] SuspendThread: Access is denied. (0x5)
[1018/090947.131:ERROR:process_reader_win.cc(151)] SuspendThread: Access is denied. (0x5)
[1018/090947.131:ERROR:process_reader_win.cc(151)] SuspendThread: Access is denied. (0x5)
[1018/090947.131:ERROR:process_reader_win.cc(151)] SuspendThread: Access is denied. (0x5)
[1018/090947.131:ERROR:process_reader_win.cc(151)] SuspendThread: Access is denied. (0x5)
[1018/090947.131:ERROR:process_reader_win.cc(151)] SuspendThread: Access is denied. (0x5)
[1018/090947.131:ERROR:process_reader_win.cc(151)] SuspendThread: Access is denied. (0x5)
[1018/090947.131:ERROR:process_reader_win.cc(151)] SuspendThread: Access is denied. (0x5)
[1018/090947.131:ERROR:process_reader_win.cc(151)] SuspendThread: Access is denied. (0x5)
[1018/090947.131:ERROR:process_reader_win.cc(151)] SuspendThread: Access is denied. (0x5)
[1018/090947.131:ERROR:process_reader_win.cc(151)] SuspendThread: Access is denied. (0x5)
[1018/090947.132:ERROR:process_reader_win.cc(151)] SuspendThread: Access is denied. (0x5)
[1018/090947.132:ERROR:process_reader_win.cc(151)] SuspendThread: Access is denied. (0x5)
[1018/090947.132:ERROR:process_reader_win.cc(151)] SuspendThread: Access is denied. (0x5)
[1018/090947.132:ERROR:process_reader_win.cc(151)] SuspendThread: Access is denied. (0x5)
[1018/090947.132:ERROR:process_reader_win.cc(151)] SuspendThread: Access is denied. (0x5)
[1018/090947.132:ERROR:process_reader_win.cc(151)] SuspendThread: Access is denied. (0x5)
[1018/090947.132:ERROR:process_reader_win.cc(151)] SuspendThread: Access is denied. (0x5)
[1018/090947.132:ERROR:process_reader_win.cc(151)] SuspendThread: Access is denied. (0x5)
[1018/090947.132:ERROR:process_reader_win.cc(151)] SuspendThread: Access is denied. (0x5)
[1018/090947.132:ERROR:process_reader_win.cc(151)] SuspendThread: Access is denied. (0x5)
[1018/090947.132:ERROR:process_reader_win.cc(151)] SuspendThread: Access is denied. (0x5)
[1018/090947.132:ERROR:process_reader_win.cc(151)] SuspendThread: Access is denied. (0x5)
[1018/090947.132:ERROR:process_reader_win.cc(151)] SuspendThread: Access is denied. (0x5)
[1018/090947.132:ERROR:process_reader_win.cc(151)] SuspendThread: Access is denied. (0x5)
[1018/090947.132:ERROR:process_reader_win.cc(151)] SuspendThread: Access is denied. (0x5)
[1018/090947.132:ERROR:process_reader_win.cc(151)] SuspendThread: Access is denied. (0x5)
[1018/090947.132:ERROR:process_reader_win.cc(151)] SuspendThread: Access is denied. (0x5)
[1018/090947.132:ERROR:process_reader_win.cc(151)] SuspendThread: Access is denied. (0x5)
[1018/090947.132:ERROR:process_reader_win.cc(151)] SuspendThread: Access is denied. (0x5)
[1018/090947.132:ERROR:process_reader_win.cc(151)] SuspendThread: Access is denied. (0x5)
[1018/090947.132:ERROR:process_reader_win.cc(151)] SuspendThread: Access is denied. (0x5)
[1018/090947.132:ERROR:process_reader_win.cc(151)] SuspendThread: Access is denied. (0x5)
[1018/090947.132:ERROR:process_reader_win.cc(151)] SuspendThread: Access is denied. (0x5)
[1018/090947.132:ERROR:process_reader_win.cc(151)] SuspendThread: Access is denied. (0x5)
[1018/090947.132:ERROR:process_reader_win.cc(151)] SuspendThread: Access is denied. (0x5)
[1018/090947.064:ERROR:process_reader_win.cc(151)] SuspendThread: Access is denied. (0x5)
[1018/090947.134:ERROR:process_reader_win.cc(151)] SuspendThread: Access is denied. (0x5)
[1018/090947.134:ERROR:process_reader_win.cc(151)] SuspendThread: Access is denied. (0x5)
[1018/090947.133:ERROR:process_reader_win.cc(151)] SuspendThread: Access is denied. (0x5)
[1018/090947.134:ERROR:process_reader_win.cc(151)] SuspendThread: Access is denied. (0x5)
[1018/090947.074:ERROR:process_reader_win.cc(151)] SuspendThread: Access is denied. (0x5)
[1018/090947.134:ERROR:process_reader_win.cc(151)] SuspendThread: Access is denied. (0x5)
[1018/090947.136:ERROR:process_reader_win.cc(151)] SuspendThread: Access is denied. (0x5)
[1018/090947.136:ERROR:process_reader_win.cc(151)] SuspendThread: Access is denied. (0x5)
[1018/090947.136:ERROR:process_reader_win.cc(151)] SuspendThread: Access is denied. (0x5)
[1018/090947.136:ERROR:process_reader_win.cc(151)] SuspendThread: Access is denied. (0x5)
[1018/090947.136:ERROR:process_reader_win.cc(151)] SuspendThread: Access is denied. (0x5)
[1018/090947.136:ERROR:process_reader_win.cc(151)] SuspendThread: Access is denied. (0x5)
[1018/090947.136:ERROR:process_reader_win.cc(151)] SuspendThread: Access is denied. (0x5)
[1018/090947.136:ERROR:process_reader_win.cc(151)] SuspendThread: Access is denied. (0x5)
[1018/090947.136:ERROR:process_reader_win.cc(151)] SuspendThread: Access is denied. (0x5)
[1018/090947.136:ERROR:process_reader_win.cc(151)] SuspendThread: Access is denied. (0x5)
[1018/090947.139:ERROR:process_reader_win.cc(151)] SuspendThread: Access is denied. (0x5)
[1018/090947.139:ERROR:process_reader_win.cc(151)] SuspendThread: Access is denied. (0x5)
[1018/090947.139:ERROR:process_reader_win.cc(151)] SuspendThread: Access is denied. (0x5)
[1018/090947.139:ERROR:process_reader_win.cc(151)] SuspendThread: Access is denied. (0x5)
[1018/090947.139:ERROR:process_reader_win.cc(151)] SuspendThread: Access is denied. (0x5)
[1018/090947.140:ERROR:process_reader_win.cc(151)] SuspendThread: Access is denied. (0x5)
[1018/090947.140:ERROR:process_reader_win.cc(151)] SuspendThread: Access is denied. (0x5)
[1018/090947.140:ERROR:process_reader_win.cc(151)] SuspendThread: Access is denied. (0x5)
[1018/090947.140:ERROR:process_reader_win.cc(151)] SuspendThread: Access is denied. (0x5)
[1018/090947.140:ERROR:process_reader_win.cc(151)] SuspendThread: Access is denied. (0x5)
[1018/090947.140:ERROR:process_reader_win.cc(151)] SuspendThread: Access is denied. (0x5)
[1018/090947.141:ERROR:process_reader_win.cc(151)] SuspendThread: Access is denied. (0x5)
[1018/090947.141:ERROR:process_reader_win.cc(151)] SuspendThread: Access is denied. (0x5)
[1018/090947.141:ERROR:process_reader_win.cc(151)] SuspendThread: Access is denied. (0x5)
[1018/090947.141:ERROR:process_reader_win.cc(151)] SuspendThread: Access is denied. (0x5)
[1018/090947.141:ERROR:process_reader_win.cc(151)] SuspendThread: Access is denied. (0x5)
[1018/090947.141:ERROR:process_reader_win.cc(151)] SuspendThread: Access is denied. (0x5)
[1018/090947.149:ERROR:process_reader_win.cc(151)] SuspendThread: Access is denied. (0x5)
[1018/090947.095:ERROR:process_reader_win.cc(151)] SuspendThread: Access is denied. (0x5)
[1018/090947.149:ERROR:process_reader_win.cc(151)] SuspendThread: Access is denied. (0x5)
[1018/090947.149:ERROR:process_reader_win.cc(151)] SuspendThread: Access is denied. (0x5)
[1018/090947.149:ERROR:process_reader_win.cc(151)] SuspendThread: Access is denied. (0x5)
[1018/090947.150:ERROR:process_reader_win.cc(151)] SuspendThread: Access is denied. (0x5)
[1018/090947.150:ERROR:process_reader_win.cc(151)] SuspendThread: Access is denied. (0x5)
[1018/090947.150:ERROR:process_reader_win.cc(151)] SuspendThread: Access is denied. (0x5)
[1018/090947.150:ERROR:process_reader_win.cc(151)] SuspendThread: Access is denied. (0x5)
[1018/090947.150:ERROR:process_reader_win.cc(151)] SuspendThread: Access is denied. (0x5)
[1018/090947.150:ERROR:process_reader_win.cc(151)] SuspendThread: Access is denied. (0x5)
[1018/090947.134:ERROR:process_reader_win.cc(123)] NtOpenThread: {Access Denied} A process has requested access to an object, but has not been granted those access rights. (0xc0000022)
[1018/090947.149:ERROR:process_reader_win.cc(123)] NtOpenThread: {Access Denied} A process has requested access to an object, but has not been granted those access rights. (0xc0000022)
[1018/090947.149:ERROR:process_reader_win.cc(123)] NtOpenThread: {Access Denied} A process has requested access to an object, but has not been granted those access rights. (0xc0000022)
[1018/090947.131:ERROR:process_reader_win.cc(123)] NtOpenThread: {Access Denied} A process has requested access to an object, but has not been granted those access rights. (0xc0000022)
[1018/090947.160:ERROR:exception_snapshot_win.cc(99)] thread ID 1252 not found in process
[1018/090947.160:ERROR:exception_snapshot_win.cc(99)] thread ID 10192 not found in process
[1018/090947.160:ERROR:exception_snapshot_win.cc(99)] thread ID 8540 not found in process
[1018/090947.162:ERROR:process_reader_win.cc(151)] SuspendThread: Access is denied. (0x5)
[1018/090947.162:ERROR:process_reader_win.cc(123)] NtOpenThread: {Access Denied} A process has requested access to an object, but has not been granted those access rights. (0xc0000022)
[1018/090947.162:ERROR:exception_snapshot_win.cc(99)] thread ID 5268 not found in process
[1018/090947.162:ERROR:process_reader_win.cc(151)] SuspendThread: Access is denied. (0x5)
[1018/090947.163:ERROR:process_reader_win.cc(123)] NtOpenThread: {Access Denied} A process has requested access to an object, but has not been granted those access rights. (0xc0000022)
[1018/090947.163:ERROR:exception_snapshot_win.cc(99)] thread ID 4184 not found in process
[1018/090947.141:ERROR:process_reader_win.cc(123)] NtOpenThread: {Access Denied} A process has requested access to an object, but has not been granted those access rights. (0xc0000022)
[1018/090947.134:ERROR:process_reader_win.cc(123)] NtOpenThread: {Access Denied} A process has requested access to an object, but has not been granted those access rights. (0xc0000022)
[1018/090947.163:ERROR:exception_snapshot_win.cc(99)] thread ID 12864 not found in process
[1018/090947.163:ERROR:exception_snapshot_win.cc(99)] thread ID 2360 not found in process
[1018/090947.132:ERROR:process_reader_win.cc(123)] NtOpenThread: {Access Denied} A process has requested access to an object, but has not been granted those access rights. (0xc0000022)
[1018/090947.163:ERROR:exception_snapshot_win.cc(99)] thread ID 1152 not found in process
[1018/090947.150:ERROR:process_reader_win.cc(123)] NtOpenThread: {Access Denied} A process has requested access to an object, but has not been granted those access rights. (0xc0000022)
[1018/090947.131:ERROR:process_reader_win.cc(123)] NtOpenThread: An invalid Client ID was specified. (0xc000000b)
[1018/090947.164:ERROR:process_reader_win.cc(151)] SuspendThread: Access is denied. (0x5)
[1018/090947.164:ERROR:process_reader_win.cc(151)] SuspendThread: Access is denied. (0x5)
[1018/090947.129:ERROR:process_reader_win.cc(123)] NtOpenThread: {Access Denied} A process has requested access to an object, but has not been granted those access rights. (0xc0000022)
[1018/090947.164:ERROR:exception_snapshot_win.cc(99)] thread ID 11288 not found in process
[1018/090947.164:ERROR:process_reader_win.cc(151)] SuspendThread: Access is denied. (0x5)
[1018/090947.164:ERROR:process_reader_win.cc(151)] SuspendThread: Access is denied. (0x5)
[1018/090947.164:ERROR:process_reader_win.cc(151)] SuspendThread: Access is denied. (0x5)
[1018/090947.164:ERROR:process_reader_win.cc(151)] SuspendThread: Access is denied. (0x5)
[1018/090947.164:ERROR:process_reader_win.cc(151)] SuspendThread: Access is denied. (0x5)
[1018/090947.164:ERROR:process_reader_win.cc(151)] SuspendThread: Access is denied. (0x5)
[1018/090947.164:ERROR:process_reader_win.cc(151)] SuspendThread: Access is denied. (0x5)
[1018/090947.164:ERROR:process_reader_win.cc(151)] SuspendThread: Access is denied. (0x5)
[1018/090947.164:ERROR:exception_snapshot_win.cc(99)] thread ID 10652 not found in process
[1018/090947.164:ERROR:process_reader_win.cc(151)] SuspendThread: Access is denied. (0x5)
[1018/090947.164:ERROR:process_reader_win.cc(151)] SuspendThread: Access is denied. (0x5)
[1018/090947.164:ERROR:process_reader_win.cc(151)] SuspendThread: Access is denied. (0x5)
[1018/090947.164:ERROR:process_reader_win.cc(151)] SuspendThread: Access is denied. (0x5)
[1018/090947.164:ERROR:process_reader_win.cc(151)] SuspendThread: Access is denied. (0x5)
[1018/090947.164:ERROR:process_reader_win.cc(151)] SuspendThread: Access is denied. (0x5)
[1018/090947.128:ERROR:process_reader_win.cc(123)] NtOpenThread: {Access Denied} A process has requested access to an object, but has not been granted those access rights. (0xc0000022)
[1018/090947.164:ERROR:exception_snapshot_win.cc(99)] thread ID 13756 not found in process
[1018/090947.164:ERROR:process_reader_win.cc(151)] SuspendThread: Access is denied. (0x5)
[1018/090947.164:ERROR:process_reader_win.cc(151)] SuspendThread: Access is denied. (0x5)
[1018/090947.164:ERROR:process_reader_win.cc(151)] SuspendThread: Access is denied. (0x5)
[1018/090947.165:ERROR:process_reader_win.cc(151)] SuspendThread: Access is denied. (0x5)
[1018/090947.165:ERROR:process_reader_win.cc(151)] SuspendThread: Access is denied. (0x5)
[1018/090947.165:ERROR:exception_snapshot_win.cc(99)] thread ID 7732 not found in process
[1018/090947.165:ERROR:process_reader_win.cc(151)] SuspendThread: Access is denied. (0x5)
[1018/090947.165:ERROR:process_reader_win.cc(151)] SuspendThread: Access is denied. (0x5)
[1018/090947.165:ERROR:process_reader_win.cc(151)] SuspendThread: Access is denied. (0x5)
[1018/090947.165:ERROR:process_reader_win.cc(151)] SuspendThread: Access is denied. (0x5)
[1018/090947.165:ERROR:process_reader_win.cc(151)] SuspendThread: Access is denied. (0x5)
[1018/090947.165:ERROR:process_reader_win.cc(151)] SuspendThread: Access is denied. (0x5)
[1018/090947.165:ERROR:process_reader_win.cc(123)] NtOpenThread: {Access Denied} A process has requested access to an object, but has not been granted those access rights. (0xc0000022)
[1018/090947.165:ERROR:exception_snapshot_win.cc(99)] thread ID 14072 not found in process
[1018/091904.174:ERROR:process_reader_win.cc(151)] SuspendThread: Access is denied. (0x5)
[1018/091904.175:ERROR:process_reader_win.cc(151)] SuspendThread: Access is denied. (0x5)
[1018/091904.175:ERROR:process_reader_win.cc(123)] NtOpenThread: {Access Denied} A process has requested access to an object, but has not been granted those access rights. (0xc0000022)
[1018/091904.175:ERROR:exception_snapshot_win.cc(99)] thread ID 12356 not found in process
[1018/091904.202:ERROR:process_reader_win.cc(151)] SuspendThread: Access is denied. (0x5)
[1018/091904.202:ERROR:process_reader_win.cc(151)] SuspendThread: Access is denied. (0x5)
[1018/091904.202:ERROR:process_reader_win.cc(151)] SuspendThread: Access is denied. (0x5)
[1018/091904.202:ERROR:process_reader_win.cc(151)] SuspendThread: Access is denied. (0x5)
[1018/091904.202:ERROR:process_reader_win.cc(123)] NtOpenThread: {Access Denied} A process has requested access to an object, but has not been granted those access rights. (0xc0000022)
[1018/091904.202:ERROR:exception_snapshot_win.cc(99)] thread ID 15036 not found in process
[1018/092243.743:ERROR:process_reader_win.cc(123)] NtOpenThread: {Access Denied} A process has requested access to an object, but has not been granted those access rights. (0xc0000022)
[1018/092243.744:ERROR:exception_snapshot_win.cc(99)] thread ID 1996 not found in process
[1018/092243.765:ERROR:process_reader_win.cc(123)] NtOpenThread: {Access Denied} A process has requested access to an object, but has not been granted those access rights. (0xc0000022)
[1018/092243.765:ERROR:exception_snapshot_win.cc(99)] thread ID 10084 not found in process
[1018/094034.182:ERROR:directory_reader_win.cc(43)] FindFirstFile: The system cannot find the path specified. (0x3)
[1018/094636.087:ERROR:process_reader_win.cc(151)] SuspendThread: Access is denied. (0x5)
[1018/094636.088:ERROR:process_reader_win.cc(151)] SuspendThread: Access is denied. (0x5)
[1018/094636.088:ERROR:process_reader_win.cc(151)] SuspendThread: Access is denied. (0x5)
[1018/094636.088:ERROR:process_reader_win.cc(151)] SuspendThread: Access is denied. (0x5)
[1018/094636.094:ERROR:process_reader_win.cc(151)] SuspendThread: Access is denied. (0x5)
[1018/094636.094:ERROR:process_reader_win.cc(151)] SuspendThread: Access is denied. (0x5)
[1018/094636.094:ERROR:process_reader_win.cc(123)] NtOpenThread: {Access Denied} A process has requested access to an object, but has not been granted those access rights. (0xc0000022)
[1018/094636.105:ERROR:exception_snapshot_win.cc(99)] thread ID 3028 not found in process
[1018/094636.088:ERROR:process_reader_win.cc(123)] NtOpenThread: {Access Denied} A process has requested access to an object, but has not been granted those access rights. (0xc0000022)
[1018/094636.105:ERROR:exception_snapshot_win.cc(99)] thread ID 15228 not found in process
[1018/094636.108:ERROR:process_reader_win.cc(151)] SuspendThread: Access is denied. (0x5)
[1018/094636.108:ERROR:process_reader_win.cc(151)] SuspendThread: Access is denied. (0x5)
[1018/094636.108:ERROR:process_reader_win.cc(123)] NtOpenThread: {Access Denied} A process has requested access to an object, but has not been granted those access rights. (0xc0000022)
[1018/094636.108:ERROR:exception_snapshot_win.cc(99)] thread ID 8828 not found in process
[1018/094636.110:ERROR:process_reader_win.cc(151)] SuspendThread: Access is denied. (0x5)
[1018/094636.111:ERROR:process_reader_win.cc(123)] NtOpenThread: {Access Denied} A process has requested access to an object, but has not been granted those access rights. (0xc0000022)
[1018/094636.111:ERROR:exception_snapshot_win.cc(99)] thread ID 12988 not found in process
[1018/094636.111:ERROR:process_reader_win.cc(151)] SuspendThread: Access is denied. (0x5)
[1018/094636.112:ERROR:process_reader_win.cc(151)] SuspendThread: Access is denied. (0x5)
[1018/094636.112:ERROR:process_reader_win.cc(151)] SuspendThread: Access is denied. (0x5)
[1018/094636.112:ERROR:process_reader_win.cc(151)] SuspendThread: Access is denied. (0x5)
[1018/094636.112:ERROR:process_reader_win.cc(151)] SuspendThread: Access is denied. (0x5)
[1018/094636.112:ERROR:process_reader_win.cc(123)] NtOpenThread: {Access Denied} A process has requested access to an object, but has not been granted those access rights. (0xc0000022)
[1018/094636.112:ERROR:exception_snapshot_win.cc(99)] thread ID 4328 not found in process
[1018/125937.810:ERROR:process_reader_win.cc(151)] SuspendThread: Access is denied. (0x5)
[1018/125937.812:ERROR:process_reader_win.cc(151)] SuspendThread: Access is denied. (0x5)
[1018/125937.813:ERROR:process_reader_win.cc(123)] NtOpenThread: {Access Denied} A process has requested access to an object, but has not been granted those access rights. (0xc0000022)
[1018/125937.814:ERROR:exception_snapshot_win.cc(99)] thread ID 12164 not found in process
[1018/125937.818:ERROR:process_reader_win.cc(123)] NtOpenThread: {Access Denied} A process has requested access to an object, but has not been granted those access rights. (0xc0000022)
[1018/125937.819:ERROR:exception_snapshot_win.cc(99)] thread ID 10172 not found in process
[1018/125937.827:ERROR:process_reader_win.cc(123)] NtOpenThread: {Access Denied} A process has requested access to an object, but has not been granted those access rights. (0xc0000022)
[1018/125937.827:ERROR:exception_snapshot_win.cc(99)] thread ID 2412 not found in process
